# JRE version: OpenJDK Runtime Environment (8.0_212-b04) (build 1.8.0_212-release-1586-b04)
# Java VM: OpenJDK 64-Bit Server VM (25.212-b04 mixed mode windows-amd64 compressed oops)
Heap:
 PSYoungGen      total 402944K, used 260417K [0x00000000e0000000, 0x00000000fc300000, 0x0000000100000000)
  eden space 350720K, 64% used [0x00000000e0000000,0x00000000edd38010,0x00000000f5680000)
  from space 52224K, 64% used [0x00000000f8b80000,0x00000000fac987e0,0x00000000fbe80000)
  to   space 54272K, 0% used [0x00000000f5680000,0x00000000f5680000,0x00000000f8b80000)
 ParOldGen       total 351232K, used 177775K [0x00000000a0000000, 0x00000000b5700000, 0x00000000e0000000)
  object space 351232K, 50% used [0x00000000a0000000,0x00000000aad9bf28,0x00000000b5700000)
 Metaspace       used 101462K, capacity 108870K, committed 109016K, reserved 1144832K
  class space    used 12808K, capacity 13991K, committed 14040K, reserved 1048576K
GC Heap History (10 events):
Event: 2275.099 GC heap before
{Heap before GC invocations=49 (full 5):
 PSYoungGen      total 412160K, used 355784K [0x00000000e0000000, 0x00000000fd200000, 0x0000000100000000)
  eden space 344064K, 100% used [0x00000000e0000000,0x00000000f5000000,0x00000000f5000000)
  from space 68096K, 17% used [0x00000000f5000000,0x00000000f5b72338,0x00000000f9280000)
  to   space 64512K, 0% used [0x00000000f9300000,0x00000000f9300000,0x00000000fd200000)
 ParOldGen       total 351232K, used 177639K [0x00000000a0000000, 0x00000000b5700000, 0x00000000e0000000)
  object space 351232K, 50% used [0x00000000a0000000,0x00000000aad79f18,0x00000000b5700000)
 Metaspace       used 100920K, capacity 108158K, committed 108248K, reserved 1142784K
  class space    used 12803K, capacity 13957K, committed 14040K, reserved 1048576K
Event: 2275.135 GC heap after
Heap after GC invocations=49 (full 5):
 PSYoungGen      total 402432K, used 16609K [0x00000000e0000000, 0x00000000fc880000, 0x0000000100000000)
  eden space 347648K, 0% used [0x00000000e0000000,0x00000000e0000000,0x00000000f5380000)
  from space 54784K, 30% used [0x00000000f9300000,0x00000000fa3385b8,0x00000000fc880000)
  to   space 59904K, 0% used [0x00000000f5380000,0x00000000f5380000,0x00000000f8e00000)
 ParOldGen       total 351232K, used 177647K [0x00000000a0000000, 0x00000000b5700000, 0x00000000e0000000)
  object space 351232K, 50% used [0x00000000a0000000,0x00000000aad7bf18,0x00000000b5700000)
 Metaspace       used 100920K, capacity 108158K, committed 108248K, reserved 1142784K
  class space    used 12803K, capacity 13957K, committed 14040K, reserved 1048576K
}
Event: 2438.401 GC heap before
{Heap before GC invocations=50 (full 5):
 PSYoungGen      total 402432K, used 364126K [0x00000000e0000000, 0x00000000fc880000, 0x0000000100000000)
  eden space 347648K, 99% used [0x00000000e0000000,0x00000000f535f540,0x00000000f5380000)
  from space 54784K, 30% used [0x00000000f9300000,0x00000000fa3385b8,0x00000000fc880000)
  to   space 59904K, 0% used [0x00000000f5380000,0x00000000f5380000,0x00000000f8e00000)
 ParOldGen       total 351232K, used 177647K [0x00000000a0000000, 0x00000000b5700000, 0x00000000e0000000)
  object space 351232K, 50% used [0x00000000a0000000,0x00000000aad7bf18,0x00000000b5700000)
 Metaspace       used 101007K, capacity 108158K, committed 108248K, reserved 1142784K
  class space    used 12803K, capacity 13957K, committed 14040K, reserved 1048576K
Event: 2438.444 GC heap after
Heap after GC invocations=50 (full 5):
 PSYoungGen      total 407552K, used 26304K [0x00000000e0000000, 0x00000000fc980000, 0x0000000100000000)
  eden space 347648K, 0% used [0x00000000e0000000,0x00000000e0000000,0x00000000f5380000)
  from space 59904K, 43% used [0x00000000f5380000,0x00000000f6d30390,0x00000000f8e00000)
  to   space 58880K, 0% used [0x00000000f9000000,0x00000000f9000000,0x00000000fc980000)
 ParOldGen       total 351232K, used 177647K [0x00000000a0000000, 0x00000000b5700000, 0x00000000e0000000)
  object space 351232K, 50% used [0x00000000a0000000,0x00000000aad7bf18,0x00000000b5700000)
 Metaspace       used 101007K, capacity 108158K, committed 108248K, reserved 1142784K
  class space    used 12803K, capacity 13957K, committed 14040K, reserved 1048576K
}
Event: 2802.062 GC heap before
{Heap before GC invocations=51 (full 5):
 PSYoungGen      total 407552K, used 373952K [0x00000000e0000000, 0x00000000fc980000, 0x0000000100000000)
  eden space 347648K, 100% used [0x00000000e0000000,0x00000000f5380000,0x00000000f5380000)
  from space 59904K, 43% used [0x00000000f5380000,0x00000000f6d30390,0x00000000f8e00000)
  to   space 58880K, 0% used [0x00000000f9000000,0x00000000f9000000,0x00000000fc980000)
 ParOldGen       total 351232K, used 177647K [0x00000000a0000000, 0x00000000b5700000, 0x00000000e0000000)
  object space 351232K, 50% used [0x00000000a0000000,0x00000000aad7bf18,0x00000000b5700000)
 Metaspace       used 101180K, capacity 108486K, committed 108760K, reserved 1144832K
  class space    used 12804K, capacity 13957K, committed 14040K, reserved 1048576K
Event: 2802.084 GC heap after
Heap after GC invocations=51 (full 5):
 PSYoungGen      total 402432K, used 14424K [0x00000000e0000000, 0x00000000fc300000, 0x0000000100000000)
  eden space 350208K, 0% used [0x00000000e0000000,0x00000000e0000000,0x00000000f5600000)
  from space 52224K, 27% used [0x00000000f9000000,0x00000000f9e163b0,0x00000000fc300000)
  to   space 55808K, 0% used [0x00000000f5600000,0x00000000f5600000,0x00000000f8c80000)
 ParOldGen       total 351232K, used 177687K [0x00000000a0000000, 0x00000000b5700000, 0x00000000e0000000)
  object space 351232K, 50% used [0x00000000a0000000,0x00000000aad85f18,0x00000000b5700000)
 Metaspace       used 101180K, capacity 108486K, committed 108760K, reserved 1144832K
  class space    used 12804K, capacity 13957K, committed 14040K, reserved 1048576K
}
Event: 2875.863 GC heap before
{Heap before GC invocations=52 (full 5):
 PSYoungGen      total 402432K, used 364632K [0x00000000e0000000, 0x00000000fc300000, 0x0000000100000000)
  eden space 350208K, 100% used [0x00000000e0000000,0x00000000f5600000,0x00000000f5600000)
  from space 52224K, 27% used [0x00000000f9000000,0x00000000f9e163b0,0x00000000fc300000)
  to   space 55808K, 0% used [0x00000000f5600000,0x00000000f5600000,0x00000000f8c80000)
 ParOldGen       total 351232K, used 177687K [0x00000000a0000000, 0x00000000b5700000, 0x00000000e0000000)
  object space 351232K, 50% used [0x00000000a0000000,0x00000000aad85f18,0x00000000b5700000)
 Metaspace       used 101341K, capacity 108572K, committed 108760K, reserved 1144832K
  class space    used 12805K, capacity 13958K, committed 14040K, reserved 1048576K
Event: 2875.881 GC heap after
Heap after GC invocations=52 (full 5):
 PSYoungGen      total 368640K, used 18017K [0x00000000e0000000, 0x00000000fbe80000, 0x0000000100000000)
  eden space 350208K, 0% used [0x00000000e0000000,0x00000000e0000000,0x00000000f5600000)
  from space 18432K, 97% used [0x00000000f5600000,0x00000000f6798550,0x00000000f6800000)
  to   space 52224K, 0% used [0x00000000f8b80000,0x00000000f8b80000,0x00000000fbe80000)
 ParOldGen       total 351232K, used 177727K [0x00000000a0000000, 0x00000000b5700000, 0x00000000e0000000)
  object space 351232K, 50% used [0x00000000a0000000,0x00000000aad8ff18,0x00000000b5700000)
 Metaspace       used 101341K, capacity 108572K, committed 108760K, reserved 1144832K
  class space    used 12805K, capacity 13958K, committed 14040K, reserved 1048576K
}
Event: 3244.287 GC heap before
{Heap before GC invocations=53 (full 5):
 PSYoungGen      total 368640K, used 368225K [0x00000000e0000000, 0x00000000fbe80000, 0x0000000100000000)
  eden space 350208K, 100% used [0x00000000e0000000,0x00000000f5600000,0x00000000f5600000)
  from space 18432K, 97% used [0x00000000f5600000,0x00000000f6798550,0x00000000f6800000)
  to   space 52224K, 0% used [0x00000000f8b80000,0x00000000f8b80000,0x00000000fbe80000)
 ParOldGen       total 351232K, used 177727K [0x00000000a0000000, 0x00000000b5700000, 0x00000000e0000000)
  object space 351232K, 50% used [0x00000000a0000000,0x00000000aad8ff18,0x00000000b5700000)
 Metaspace       used 101398K, capacity 108710K, committed 109016K, reserved 1144832K
  class space    used 12806K, capacity 13959K, committed 14040K, reserved 1048576K
Event: 3244.578 GC heap after
Heap after GC invocations=53 (full 5):
 PSYoungGen      total 402944K, used 33889K [0x00000000e0000000, 0x00000000fc300000, 0x0000000100000000)
  eden space 350720K, 0% used [0x00000000e0000000,0x00000000e0000000,0x00000000f5680000)
  from space 52224K, 64% used [0x00000000f8b80000,0x00000000fac987e0,0x00000000fbe80000)
  to   space 54272K, 0% used [0x00000000f5680000,0x00000000f5680000,0x00000000f8b80000)
 ParOldGen       total 351232K, used 177775K [0x00000000a0000000, 0x00000000b5700000, 0x00000000e0000000)
  object space 351232K, 50% used [0x00000000a0000000,0x00000000aad9bf28,0x00000000b5700000)
 Metaspace       used 101398K, capacity 108710K, committed 109016K, reserved 1144832K
  class space    used 12806K, capacity 13959K, committed 14040K, reserved 1048576K
}

